2014-07-01 22:26:43 5100 [Note] Plugin 'FEDERATED' is disabled.
2014-07-01 22:26:45 5100 [Note] InnoDB: Using atomics to ref count buffer pool pages
2014-07-01 22:26:45 5100 [Note] InnoDB: The InnoDB memory heap is disabled
2014-07-01 22:26:45 5100 [Note] InnoDB: Mutexes and rw_locks use Windows interlocked functions
2014-07-01 22:26:45 5100 [Note] InnoDB: Compressed tables use zlib 1.2.3
2014-07-01 22:26:45 5100 [Note] InnoDB: Not using CPU crc32 instructions
2014-07-01 22:26:45 5100 [Note] InnoDB: Initializing buffer pool, size = 128.0M
2014-07-01 22:26:45 5100 [Note] InnoDB: Completed initialization of buffer pool
2014-07-01 22:26:45 5100 [Note] InnoDB: Highest supported file format is Barracuda.
2014-07-01 22:26:45 5100 [Note] InnoDB: 128 rollback segment(s) are active.
2014-07-01 22:26:46 5100 [Note] InnoDB: Waiting for purge to start
2014-07-01 22:26:46 5100 [Note] InnoDB: 5.6.17 started; log sequence number 1625977
2014-07-01 22:26:46 5100 [Warning] No existing UUID has been found, so we assume that this is the first time that this server has been started. Generating a new UUID: 50465487-0190-11e4-9263-002637bd3942.
2014-07-01 22:26:46 5100 [Note] Server hostname (bind-address): '*'; port: 3306
2014-07-01 22:26:46 5100 [Note] IPv6 is available.
2014-07-01 22:26:46 5100 [Note]   - '::' resolves to '::';
2014-07-01 22:26:46 5100 [Note] Server socket created on IP: '::'.
2014-07-01 22:26:46 5100 [Note] Event Scheduler: Loaded 0 events
2014-07-01 22:26:46 5100 [Note] wampmysqld64: ready for connections.
Version: '5.6.17'  socket: ''  port: 3306  MySQL Community Server (GPL)
2014-07-01 22:35:03 5100 [Note] wampmysqld64: Normal shutdown

2014-07-01 22:35:03 5100 [Note] Giving 0 client threads a chance to die gracefully
2014-07-01 22:35:03 5100 [Note] Event Scheduler: Purging the queue. 0 events
2014-07-01 22:35:03 5100 [Note] Shutting down slave threads
2014-07-01 22:35:03 5100 [Note] Forcefully disconnecting 0 remaining clients
2014-07-01 22:35:03 5100 [Note] Binlog end
2014-07-01 22:35:03 5100 [Note] Shutting down plugin 'partition'
2014-07-01 22:35:03 5100 [Note] Shutting down plugin 'PERFORMANCE_SCHEMA'
2014-07-01 22:35:03 5100 [Note] Shutting down plugin 'INNODB_SYS_DATAFILES'
2014-07-01 22:35:03 5100 [Note] Shutting down plugin 'INNODB_SYS_TABLESPACES'
2014-07-01 22:35:03 5100 [Note] Shutting down plugin 'INNODB_SYS_FOREIGN_COLS'
2014-07-01 22:35:03 5100 [Note] Shutting down plugin 'INNODB_SYS_FOREIGN'
2014-07-01 22:35:03 5100 [Note] Shutting down plugin 'INNODB_SYS_FIELDS'
2014-07-01 22:35:03 5100 [Note] Shutting down plugin 'INNODB_SYS_COLUMNS'
2014-07-01 22:35:03 5100 [Note] Shutting down plugin 'INNODB_SYS_INDEXES'
2014-07-01 22:35:03 5100 [Note] Shutting down plugin 'INNODB_SYS_TABLESTATS'
2014-07-01 22:35:03 5100 [Note] Shutting down plugin 'INNODB_SYS_TABLES'
2014-07-01 22:35:03 5100 [Note] Shutting down plugin 'INNODB_FT_INDEX_TABLE'
2014-07-01 22:35:03 5100 [Note] Shutting down plugin 'INNODB_FT_INDEX_CACHE'
2014-07-01 22:35:03 5100 [Note] Shutting down plugin 'INNODB_FT_CONFIG'
2014-07-01 22:35:03 5100 [Note] Shutting down plugin 'INNODB_FT_BEING_DELETED'
2014-07-01 22:35:03 5100 [Note] Shutting down plugin 'INNODB_FT_DELETED'
2014-07-01 22:35:03 5100 [Note] Shutting down plugin 'INNODB_FT_DEFAULT_STOPWORD'
2014-07-01 22:35:03 5100 [Note] Shutting down plugin 'INNODB_METRICS'
2014-07-01 22:35:03 5100 [Note] Shutting down plugin 'INNODB_BUFFER_POOL_STATS'
2014-07-01 22:35:03 5100 [Note] Shutting down plugin 'INNODB_BUFFER_PAGE_LRU'
2014-07-01 22:35:03 5100 [Note] Shutting down plugin 'INNODB_BUFFER_PAGE'
2014-07-01 22:35:03 5100 [Note] Shutting down plugin 'INNODB_CMP_PER_INDEX_RESET'
2014-07-01 22:35:03 5100 [Note] Shutting down plugin 'INNODB_CMP_PER_INDEX'
2014-07-01 22:35:03 5100 [Note] Shutting down plugin 'INNODB_CMPMEM_RESET'
2014-07-01 22:35:04 5100 [Note] Shutting down plugin 'INNODB_CMPMEM'
2014-07-01 22:35:04 5100 [Note] Shutting down plugin 'INNODB_CMP_RESET'
2014-07-01 22:35:04 5100 [Note] Shutting down plugin 'INNODB_CMP'
2014-07-01 22:35:04 5100 [Note] Shutting down plugin 'INNODB_LOCK_WAITS'
2014-07-01 22:35:04 5100 [Note] Shutting down plugin 'INNODB_LOCKS'
2014-07-01 22:35:04 5100 [Note] Shutting down plugin 'INNODB_TRX'
2014-07-01 22:35:04 5100 [Note] Shutting down plugin 'InnoDB'
2014-07-01 22:35:04 5100 [Note] InnoDB: FTS optimize thread exiting.
2014-07-01 22:35:04 5100 [Note] InnoDB: Starting shutdown...
2014-07-01 22:35:06 5100 [Note] InnoDB: Shutdown completed; log sequence number 1625987
2014-07-01 22:35:06 5100 [Note] Shutting down plugin 'BLACKHOLE'
2014-07-01 22:35:06 5100 [Note] Shutting down plugin 'ARCHIVE'
2014-07-01 22:35:06 5100 [Note] Shutting down plugin 'MRG_MYISAM'
2014-07-01 22:35:06 5100 [Note] Shutting down plugin 'MyISAM'
2014-07-01 22:35:06 5100 [Note] Shutting down plugin 'MEMORY'
2014-07-01 22:35:06 5100 [Note] Shutting down plugin 'CSV'
2014-07-01 22:35:06 5100 [Note] Shutting down plugin 'sha256_password'
2014-07-01 22:35:06 5100 [Note] Shutting down plugin 'mysql_old_password'
2014-07-01 22:35:06 5100 [Note] Shutting down plugin 'mysql_native_password'
2014-07-01 22:35:06 5100 [Note] Shutting down plugin 'binlog'
2014-07-01 22:35:06 5100 [Note] wampmysqld64: Shutdown complete

2014-07-01 22:38:22 2008 [Note] Plugin 'FEDERATED' is disabled.
2014-07-01 22:38:22 2008 [Note] InnoDB: Using atomics to ref count buffer pool pages
2014-07-01 22:38:22 2008 [Note] InnoDB: The InnoDB memory heap is disabled
2014-07-01 22:38:22 2008 [Note] InnoDB: Mutexes and rw_locks use Windows interlocked functions
2014-07-01 22:38:22 2008 [Note] InnoDB: Compressed tables use zlib 1.2.3
2014-07-01 22:38:22 2008 [Note] InnoDB: Not using CPU crc32 instructions
2014-07-01 22:38:22 2008 [Note] InnoDB: Initializing buffer pool, size = 128.0M
2014-07-01 22:38:22 2008 [Note] InnoDB: Completed initialization of buffer pool
2014-07-01 22:38:22 2008 [Note] InnoDB: Highest supported file format is Barracuda.
2014-07-01 22:38:23 2008 [Note] InnoDB: 128 rollback segment(s) are active.
2014-07-01 22:38:23 2008 [Note] InnoDB: Waiting for purge to start
2014-07-01 22:38:23 2008 [Note] InnoDB: 5.6.17 started; log sequence number 1625987
2014-07-01 22:38:23 2008 [Note] Server hostname (bind-address): '*'; port: 3306
2014-07-01 22:38:23 2008 [Note] IPv6 is available.
2014-07-01 22:38:23 2008 [Note]   - '::' resolves to '::';
2014-07-01 22:38:23 2008 [Note] Server socket created on IP: '::'.
2014-07-01 22:38:24 2008 [Note] Event Scheduler: Loaded 0 events
2014-07-01 22:38:24 2008 [Note] wampmysqld64: ready for connections.
Version: '5.6.17'  socket: ''  port: 3306  MySQL Community Server (GPL)
2014-07-01 22:57:04 2008 [Note] wampmysqld64: Normal shutdown

2014-07-01 22:57:04 2008 [Note] Giving 0 client threads a chance to die gracefully
2014-07-01 22:57:04 2008 [Note] Event Scheduler: Purging the queue. 0 events
2014-07-01 22:57:04 2008 [Note] Shutting down slave threads
2014-07-01 22:57:04 2008 [Note] Forcefully disconnecting 0 remaining clients
2014-07-01 22:57:04 2008 [Note] Binlog end
2014-07-01 22:57:04 2008 [Note] Shutting down plugin 'partition'
2014-07-01 22:57:04 2008 [Note] Shutting down plugin 'PERFORMANCE_SCHEMA'
2014-07-01 22:57:04 2008 [Note] Shutting down plugin 'INNODB_SYS_DATAFILES'
2014-07-01 22:57:04 2008 [Note] Shutting down plugin 'INNODB_SYS_TABLESPACES'
2014-07-01 22:57:04 2008 [Note] Shutting down plugin 'INNODB_SYS_FOREIGN_COLS'
2014-07-01 22:57:04 2008 [Note] Shutting down plugin 'INNODB_SYS_FOREIGN'
2014-07-01 22:57:04 2008 [Note] Shutting down plugin 'INNODB_SYS_FIELDS'
2014-07-01 22:57:04 2008 [Note] Shutting down plugin 'INNODB_SYS_COLUMNS'
2014-07-01 22:57:04 2008 [Note] Shutting down plugin 'INNODB_SYS_INDEXES'
2014-07-01 22:57:04 2008 [Note] Shutting down plugin 'INNODB_SYS_TABLESTATS'
2014-07-01 22:57:04 2008 [Note] Shutting down plugin 'INNODB_SYS_TABLES'
2014-07-01 22:57:04 2008 [Note] Shutting down plugin 'INNODB_FT_INDEX_TABLE'
2014-07-01 22:57:04 2008 [Note] Shutting down plugin 'INNODB_FT_INDEX_CACHE'
2014-07-01 22:57:04 2008 [Note] Shutting down plugin 'INNODB_FT_CONFIG'
2014-07-01 22:57:04 2008 [Note] Shutting down plugin 'INNODB_FT_BEING_DELETED'
2014-07-01 22:57:04 2008 [Note] Shutting down plugin 'INNODB_FT_DELETED'
2014-07-01 22:57:04 2008 [Note] Shutting down plugin 'INNODB_FT_DEFAULT_STOPWORD'
2014-07-01 22:57:04 2008 [Note] Shutting down plugin 'INNODB_METRICS'
2014-07-01 22:57:04 2008 [Note] Shutting down plugin 'INNODB_BUFFER_POOL_STATS'
2014-07-01 22:57:04 2008 [Note] Shutting down plugin 'INNODB_BUFFER_PAGE_LRU'
2014-07-01 22:57:04 2008 [Note] Shutting down plugin 'INNODB_BUFFER_PAGE'
2014-07-01 22:57:04 2008 [Note] Shutting down plugin 'INNODB_CMP_PER_INDEX_RESET'
2014-07-01 22:57:04 2008 [Note] Shutting down plugin 'INNODB_CMP_PER_INDEX'
2014-07-01 22:57:04 2008 [Note] Shutting down plugin 'INNODB_CMPMEM_RESET'
2014-07-01 22:57:04 2008 [Note] Shutting down plugin 'INNODB_CMPMEM'
2014-07-01 22:57:04 2008 [Note] Shutting down plugin 'INNODB_CMP_RESET'
2014-07-01 22:57:04 2008 [Note] Shutting down plugin 'INNODB_CMP'
2014-07-01 22:57:04 2008 [Note] Shutting down plugin 'INNODB_LOCK_WAITS'
2014-07-01 22:57:04 2008 [Note] Shutting down plugin 'INNODB_LOCKS'
2014-07-01 22:57:04 2008 [Note] Shutting down plugin 'INNODB_TRX'
2014-07-01 22:57:04 2008 [Note] Shutting down plugin 'InnoDB'
2014-07-01 22:57:04 2008 [Note] InnoDB: FTS optimize thread exiting.
2014-07-01 22:57:04 2008 [Note] InnoDB: Starting shutdown...
2014-07-01 22:57:06 2008 [Note] InnoDB: Shutdown completed; log sequence number 1625997
2014-07-01 22:57:06 2008 [Note] Shutting down plugin 'BLACKHOLE'
2014-07-01 22:57:06 2008 [Note] Shutting down plugin 'ARCHIVE'
2014-07-01 22:57:06 2008 [Note] Shutting down plugin 'MRG_MYISAM'
2014-07-01 22:57:06 2008 [Note] Shutting down plugin 'MyISAM'
2014-07-01 22:57:06 2008 [Note] Shutting down plugin 'MEMORY'
2014-07-01 22:57:06 2008 [Note] Shutting down plugin 'CSV'
2014-07-01 22:57:06 2008 [Note] Shutting down plugin 'sha256_password'
2014-07-01 22:57:06 2008 [Note] Shutting down plugin 'mysql_old_password'
2014-07-01 22:57:06 2008 [Note] Shutting down plugin 'mysql_native_password'
2014-07-01 22:57:06 2008 [Note] Shutting down plugin 'binlog'
2014-07-01 22:57:06 2008 [Note] wampmysqld64: Shutdown complete

